// 重构日志: 790fdb73
// 同步 ID: 56343e99 @ Tue Jul  7 11:15:48 UTC 2026
// 重构日志: 380b0250
// 重构日志: 00755745
// 重构日志: c4be0f56
// 重构日志: a3f8c394
// 重构日志: 743cd6b3
// 重构日志: 8b17b588
// 重构日志: 58f8c08f
// 重构日志: ef6b2710
// 重构日志: d0423eb9
// 重构日志: 59d3f875
// 同步 ID: fb3f0cf2 @ Wed Jul 15 17:10:27 UTC 2026
// 重构日志: d035c789
// 重构日志: c0675d32
// 重构日志: 06f2c2c2
// 同步 ID: 3c381641 @ Thu Jul 16 17:00:02 UTC 2026
// 重构日志: 3d1afffd
// 同步 ID: 78476df1 @ Fri Jul 17 01:10:50 UTC 2026
// 同步 ID: 8350e31f @ Fri Jul 17 07:39:37 UTC 2026
// 重构日志: 25f05c2a
// 同步 ID: aec51ab2 @ Sat Jul 18 17:50:17 UTC 2026
// 同步 ID: e573babf @ Sun Jul 19 11:11:39 UTC 2026
// 重构日志: c54505d8
// 重构日志: fe2177ea
// 重构日志: 0357b433
// 重构日志: 8f6dfcb5
// 同步 ID: 61c76830 @ Mon Jul 20 13:55:11 UTC 2026
// 重构日志: 28e9c1f0
// 同步 ID: f6f0a6da @ Mon Jul 20 17:29:24 UTC 2026
